2022-05-27 09:08:08,515 INFO     connection from ('192.168.127.57', 56033) has been established
2022-05-27 09:08:08,516 INFO     public key    947
2022-05-27 09:08:08,516 INFO     pq    43828453
2022-05-27 09:08:08,516 INFO     real seed    3706
2022-05-27 09:08:08,517 INFO     enc seed    13423034
2022-05-27 09:08:08,517 INFO     _________________next_client_________________
2022-05-27 09:08:30,570 INFO     connection from ('192.168.127.57', 56036) has been established
2022-05-27 09:08:30,571 INFO     public key    101
2022-05-27 09:08:30,571 INFO     pq    49384241
2022-05-27 09:08:30,571 INFO     real seed    2842
2022-05-27 09:08:30,572 INFO     enc seed    44459119
2022-05-27 09:08:30,572 INFO     _________________next_client_________________
2022-05-27 09:08:35,685 INFO     connection from ('192.168.127.57', 56037) has been established
2022-05-27 09:08:38,114 INFO     public key    2473
2022-05-27 09:08:38,115 INFO     pq    53552627
2022-05-27 09:08:38,115 INFO     real seed    3134
2022-05-27 09:08:38,115 INFO     enc seed    29035959
2022-05-27 09:08:38,116 INFO     _________________next_client_________________
2022-05-27 10:00:45,268 INFO     connection from ('192.168.127.85', 59713) has been established
2022-05-27 10:00:48,144 INFO     public key    67
2022-05-27 10:00:48,144 INFO     pq    53463413
2022-05-27 10:00:48,144 INFO     real seed    1119
2022-05-27 10:00:48,144 INFO     enc seed    13112029
2022-05-27 10:00:48,145 INFO     _________________next_client_________________
2022-05-27 10:00:56,414 INFO     connection from ('192.168.127.85', 59714) has been established
2022-05-27 10:00:56,415 INFO     public key    781
2022-05-27 10:00:56,415 INFO     pq    22278101
2022-05-27 10:00:56,416 INFO     real seed    4412
2022-05-27 10:00:56,416 INFO     enc seed    16826072
2022-05-27 10:00:56,416 INFO     _________________next_client_________________
